Start testing: Apr 24 13:58 RTZ 2 (çèìà)
----------------------------------------------------------
1/10 Testing: checkPrime.BasicPrimes
1/10 Test: checkPrime.BasicPrimes
Command: "D:/SHCODING/ST REPOS/ST-1/build/test/Debug/ST-1.test.exe" "--gtest_filter=checkPrime.BasicPrimes" "--gtest_also_run_disabled_tests"
Directory: D:/SHCODING/ST REPOS/ST-1/build/test
"checkPrime.BasicPrimes" start time: Apr 24 13:58 RTZ 2 (çèìà)
Output:
----------------------------------------------------------
Note: Google Test filter = checkPrime.BasicPrimes
[==========] Running 1 test from 1 test suite.
[----------] Global test environment set-up.
[----------] 1 test from checkPrime
[ RUN      ] checkPrime.BasicPrimes
[       OK ] checkPrime.BasicPrimes (0 ms)
[----------] 1 test from checkPrime (0 ms total)

[----------] Global test environment tear-down
[==========] 1 test from 1 test suite ran. (0 ms total)
[  PASSED  ] 1 test.
<end of output>
Test time =   0.01 sec
----------------------------------------------------------
Test Passed.
"checkPrime.BasicPrimes" end time: Apr 24 13:58 RTZ 2 (çèìà)
"checkPrime.BasicPrimes" time elapsed: 00:00:00
----------------------------------------------------------

2/10 Testing: checkPrime.BasicNotPrimes
2/10 Test: checkPrime.BasicNotPrimes
Command: "D:/SHCODING/ST REPOS/ST-1/build/test/Debug/ST-1.test.exe" "--gtest_filter=checkPrime.BasicNotPrimes" "--gtest_also_run_disabled_tests"
Directory: D:/SHCODING/ST REPOS/ST-1/build/test
"checkPrime.BasicNotPrimes" start time: Apr 24 13:58 RTZ 2 (çèìà)
Output:
----------------------------------------------------------
Note: Google Test filter = checkPrime.BasicNotPrimes
[==========] Running 1 test from 1 test suite.
[----------] Global test environment set-up.
[----------] 1 test from checkPrime
[ RUN      ] checkPrime.BasicNotPrimes
[       OK ] checkPrime.BasicNotPrimes (0 ms)
[----------] 1 test from checkPrime (0 ms total)

[----------] Global test environment tear-down
[==========] 1 test from 1 test suite ran. (0 ms total)
[  PASSED  ] 1 test.
<end of output>
Test time =   0.01 sec
----------------------------------------------------------
Test Passed.
"checkPrime.BasicNotPrimes" end time: Apr 24 13:58 RTZ 2 (çèìà)
"checkPrime.BasicNotPrimes" time elapsed: 00:00:00
----------------------------------------------------------

3/10 Testing: nPrime.FirstPrime
3/10 Test: nPrime.FirstPrime
Command: "D:/SHCODING/ST REPOS/ST-1/build/test/Debug/ST-1.test.exe" "--gtest_filter=nPrime.FirstPrime" "--gtest_also_run_disabled_tests"
Directory: D:/SHCODING/ST REPOS/ST-1/build/test
"nPrime.FirstPrime" start time: Apr 24 13:58 RTZ 2 (çèìà)
Output:
----------------------------------------------------------
Note: Google Test filter = nPrime.FirstPrime
[==========] Running 1 test from 1 test suite.
[----------] Global test environment set-up.
[----------] 1 test from nPrime
[ RUN      ] nPrime.FirstPrime
[       OK ] nPrime.FirstPrime (0 ms)
[----------] 1 test from nPrime (0 ms total)

[----------] Global test environment tear-down
[==========] 1 test from 1 test suite ran. (0 ms total)
[  PASSED  ] 1 test.
<end of output>
Test time =   0.01 sec
----------------------------------------------------------
Test Passed.
"nPrime.FirstPrime" end time: Apr 24 13:58 RTZ 2 (çèìà)
"nPrime.FirstPrime" time elapsed: 00:00:00
----------------------------------------------------------

4/10 Testing: nPrime.ThirdPrime
4/10 Test: nPrime.ThirdPrime
Command: "D:/SHCODING/ST REPOS/ST-1/build/test/Debug/ST-1.test.exe" "--gtest_filter=nPrime.ThirdPrime" "--gtest_also_run_disabled_tests"
Directory: D:/SHCODING/ST REPOS/ST-1/build/test
"nPrime.ThirdPrime" start time: Apr 24 13:58 RTZ 2 (çèìà)
Output:
----------------------------------------------------------
Note: Google Test filter = nPrime.ThirdPrime
[==========] Running 1 test from 1 test suite.
[----------] Global test environment set-up.
[----------] 1 test from nPrime
[ RUN      ] nPrime.ThirdPrime
[       OK ] nPrime.ThirdPrime (0 ms)
[----------] 1 test from nPrime (0 ms total)

[----------] Global test environment tear-down
[==========] 1 test from 1 test suite ran. (0 ms total)
[  PASSED  ] 1 test.
<end of output>
Test time =   0.01 sec
----------------------------------------------------------
Test Passed.
"nPrime.ThirdPrime" end time: Apr 24 13:58 RTZ 2 (çèìà)
"nPrime.ThirdPrime" time elapsed: 00:00:00
----------------------------------------------------------

5/10 Testing: nPrime.FifthPrime
5/10 Test: nPrime.FifthPrime
Command: "D:/SHCODING/ST REPOS/ST-1/build/test/Debug/ST-1.test.exe" "--gtest_filter=nPrime.FifthPrime" "--gtest_also_run_disabled_tests"
Directory: D:/SHCODING/ST REPOS/ST-1/build/test
"nPrime.FifthPrime" start time: Apr 24 13:58 RTZ 2 (çèìà)
Output:
----------------------------------------------------------
Note: Google Test filter = nPrime.FifthPrime
[==========] Running 1 test from 1 test suite.
[----------] Global test environment set-up.
[----------] 1 test from nPrime
[ RUN      ] nPrime.FifthPrime
[       OK ] nPrime.FifthPrime (0 ms)
[----------] 1 test from nPrime (0 ms total)

[----------] Global test environment tear-down
[==========] 1 test from 1 test suite ran. (0 ms total)
[  PASSED  ] 1 test.
<end of output>
Test time =   0.01 sec
----------------------------------------------------------
Test Passed.
"nPrime.FifthPrime" end time: Apr 24 13:58 RTZ 2 (çèìà)
"nPrime.FifthPrime" time elapsed: 00:00:00
----------------------------------------------------------

6/10 Testing: nextPrime.AfterComposite
6/10 Test: nextPrime.AfterComposite
Command: "D:/SHCODING/ST REPOS/ST-1/build/test/Debug/ST-1.test.exe" "--gtest_filter=nextPrime.AfterComposite" "--gtest_also_run_disabled_tests"
Directory: D:/SHCODING/ST REPOS/ST-1/build/test
"nextPrime.AfterComposite" start time: Apr 24 13:58 RTZ 2 (çèìà)
Output:
----------------------------------------------------------
Note: Google Test filter = nextPrime.AfterComposite
[==========] Running 1 test from 1 test suite.
[----------] Global test environment set-up.
[----------] 1 test from nextPrime
[ RUN      ] nextPrime.AfterComposite
[       OK ] nextPrime.AfterComposite (0 ms)
[----------] 1 test from nextPrime (0 ms total)

[----------] Global test environment tear-down
[==========] 1 test from 1 test suite ran. (0 ms total)
[  PASSED  ] 1 test.
<end of output>
Test time =   0.01 sec
----------------------------------------------------------
Test Passed.
"nextPrime.AfterComposite" end time: Apr 24 13:58 RTZ 2 (çèìà)
"nextPrime.AfterComposite" time elapsed: 00:00:00
----------------------------------------------------------

7/10 Testing: nextPrime.AfterPrime
7/10 Test: nextPrime.AfterPrime
Command: "D:/SHCODING/ST REPOS/ST-1/build/test/Debug/ST-1.test.exe" "--gtest_filter=nextPrime.AfterPrime" "--gtest_also_run_disabled_tests"
Directory: D:/SHCODING/ST REPOS/ST-1/build/test
"nextPrime.AfterPrime" start time: Apr 24 13:58 RTZ 2 (çèìà)
Output:
----------------------------------------------------------
Note: Google Test filter = nextPrime.AfterPrime
[==========] Running 1 test from 1 test suite.
[----------] Global test environment set-up.
[----------] 1 test from nextPrime
[ RUN      ] nextPrime.AfterPrime
[       OK ] nextPrime.AfterPrime (0 ms)
[----------] 1 test from nextPrime (0 ms total)

[----------] Global test environment tear-down
[==========] 1 test from 1 test suite ran. (0 ms total)
[  PASSED  ] 1 test.
<end of output>
Test time =   0.01 sec
----------------------------------------------------------
Test Passed.
"nextPrime.AfterPrime" end time: Apr 24 13:58 RTZ 2 (çèìà)
"nextPrime.AfterPrime" time elapsed: 00:00:00
----------------------------------------------------------

8/10 Testing: sumPrime.LessThanTwo
8/10 Test: sumPrime.LessThanTwo
Command: "D:/SHCODING/ST REPOS/ST-1/build/test/Debug/ST-1.test.exe" "--gtest_filter=sumPrime.LessThanTwo" "--gtest_also_run_disabled_tests"
Directory: D:/SHCODING/ST REPOS/ST-1/build/test
"sumPrime.LessThanTwo" start time: Apr 24 13:58 RTZ 2 (çèìà)
Output:
----------------------------------------------------------
Note: Google Test filter = sumPrime.LessThanTwo
[==========] Running 1 test from 1 test suite.
[----------] Global test environment set-up.
[----------] 1 test from sumPrime
[ RUN      ] sumPrime.LessThanTwo
[       OK ] sumPrime.LessThanTwo (0 ms)
[----------] 1 test from sumPrime (0 ms total)

[----------] Global test environment tear-down
[==========] 1 test from 1 test suite ran. (0 ms total)
[  PASSED  ] 1 test.
<end of output>
Test time =   0.01 sec
----------------------------------------------------------
Test Passed.
"sumPrime.LessThanTwo" end time: Apr 24 13:58 RTZ 2 (çèìà)
"sumPrime.LessThanTwo" time elapsed: 00:00:00
----------------------------------------------------------

9/10 Testing: sumPrime.UpToTen
9/10 Test: sumPrime.UpToTen
Command: "D:/SHCODING/ST REPOS/ST-1/build/test/Debug/ST-1.test.exe" "--gtest_filter=sumPrime.UpToTen" "--gtest_also_run_disabled_tests"
Directory: D:/SHCODING/ST REPOS/ST-1/build/test
"sumPrime.UpToTen" start time: Apr 24 13:58 RTZ 2 (çèìà)
Output:
----------------------------------------------------------
Note: Google Test filter = sumPrime.UpToTen
[==========] Running 1 test from 1 test suite.
[----------] Global test environment set-up.
[----------] 1 test from sumPrime
[ RUN      ] sumPrime.UpToTen
[       OK ] sumPrime.UpToTen (0 ms)
[----------] 1 test from sumPrime (0 ms total)

[----------] Global test environment tear-down
[==========] 1 test from 1 test suite ran. (0 ms total)
[  PASSED  ] 1 test.
<end of output>
Test time =   0.01 sec
----------------------------------------------------------
Test Passed.
"sumPrime.UpToTen" end time: Apr 24 13:58 RTZ 2 (çèìà)
"sumPrime.UpToTen" time elapsed: 00:00:00
----------------------------------------------------------

10/10 Testing: sumPrime.UpToTwenty
10/10 Test: sumPrime.UpToTwenty
Command: "D:/SHCODING/ST REPOS/ST-1/build/test/Debug/ST-1.test.exe" "--gtest_filter=sumPrime.UpToTwenty" "--gtest_also_run_disabled_tests"
Directory: D:/SHCODING/ST REPOS/ST-1/build/test
"sumPrime.UpToTwenty" start time: Apr 24 13:58 RTZ 2 (çèìà)
Output:
----------------------------------------------------------
Note: Google Test filter = sumPrime.UpToTwenty
[==========] Running 1 test from 1 test suite.
[----------] Global test environment set-up.
[----------] 1 test from sumPrime
[ RUN      ] sumPrime.UpToTwenty
[       OK ] sumPrime.UpToTwenty (0 ms)
[----------] 1 test from sumPrime (0 ms total)

[----------] Global test environment tear-down
[==========] 1 test from 1 test suite ran. (0 ms total)
[  PASSED  ] 1 test.
<end of output>
Test time =   0.01 sec
----------------------------------------------------------
Test Passed.
"sumPrime.UpToTwenty" end time: Apr 24 13:58 RTZ 2 (çèìà)
"sumPrime.UpToTwenty" time elapsed: 00:00:00
----------------------------------------------------------

End testing: Apr 24 13:58 RTZ 2 (çèìà)
